<?xml version="1.0" encoding="UTF-8"?>
<!-- Generated by org.testng.reporters.JUnitXMLReporter -->
<testsuite hostname="ATMECSINDT-080" ignored="0" name="CartActions" tests="7" failures="7" timestamp="13 Nov 2019 13:17:11 GMT" time="0.714" errors="0">
  <testcase name="@AfterTest closeBrowser" time="0.002" classname="com.org.task1.testbase.InvokeBrowser">
    <failure type="java.lang.NullPointerException">
      <![CDATA[java.lang.NullPointerException
at com.org.task1.testbase.InvokeBrowser.closeBrowser(InvokeBrowser.java:38)
... Removed 24 stack frames]]>
    </failure>
  </testcase> <!-- @AfterTest closeBrowser -->
  <testcase name="setup" time="0.065" classname="com.org.task1.testbase.InvokeBrowser">
    <failure type="java.lang.IllegalStateException" message="The path to the driver executable must be set by the webdriver.chrome.driver system property; for more information, see https://github.com/SeleniumHQ/selenium/wiki/ChromeDriver. The latest version can be downloaded from http://chromedriver.storage.googleapis.com/index.html">
      <![CDATA[java.lang.IllegalStateException: The path to the driver executable must be set by the webdriver.chrome.driver system property; for more information, see https://github.com/SeleniumHQ/selenium/wiki/ChromeDriver. The latest version can be downloaded from http://chromedriver.storage.googleapis.com/index.html
at com.google.common.base.Preconditions.checkState(Preconditions.java:847)
at org.openqa.selenium.remote.service.DriverService.findExecutable(DriverService.java:134)
at org.openqa.selenium.chrome.ChromeDriverService.access$000(ChromeDriverService.java:35)
at org.openqa.selenium.chrome.ChromeDriverService$Builder.findDefaultExecutable(ChromeDriverService.java:159)
at org.openqa.selenium.remote.service.DriverService$Builder.build(DriverService.java:355)
at org.openqa.selenium.chrome.ChromeDriverService.createDefaultService(ChromeDriverService.java:94)
at org.openqa.selenium.chrome.ChromeDriver.<init>(ChromeDriver.java:123)
at com.org.task1.testbase.InvokeBrowser.setup(InvokeBrowser.java:30)
... Removed 25 stack frames]]>
    </failure>
  </testcase> <!-- setup -->
  <testcase name="clickSearchButton" time="0.019" classname="com.org.task1.testscripts.Homepage">
    <failure type="java.lang.NullPointerException">
      <![CDATA[java.lang.NullPointerException
at com.org.task1.testscripts.Homepage.clickSearchButton(Homepage.java:21)
... Removed 25 stack frames]]>
    </failure>
  </testcase> <!-- clickSearchButton -->
  <testcase name="enterData" time="0.002" classname="com.org.task1.testscripts.CartActions">
    <failure type="java.lang.NullPointerException">
      <![CDATA[java.lang.NullPointerException
at com.org.task1.testscripts.CartActions.enterData(CartActions.java:25)
... Removed 25 stack frames]]>
    </failure>
  </testcase> <!-- enterData -->
  <testcase name="enterData" time="0.003" classname="com.org.task1.testscripts.CartActions">
    <failure type="java.lang.NullPointerException">
      <![CDATA[java.lang.NullPointerException
at com.org.task1.testscripts.CartActions.enterData(CartActions.java:25)
... Removed 25 stack frames]]>
    </failure>
  </testcase> <!-- enterData -->
  <testcase name="validateCartAfterAdd" time="0.057" classname="com.org.task1.testscripts.CartActions">
    <failure type="java.lang.NullPointerException">
      <![CDATA[java.lang.NullPointerException
at java.util.Objects.requireNonNull(Unknown Source)
at org.openqa.selenium.support.ui.FluentWait.<init>(FluentWait.java:106)
at org.openqa.selenium.support.ui.FluentWait.<init>(FluentWait.java:97)
at com.org.task1.helpers.PageActions.clickElement(PageActions.java:49)
at com.org.task1.testscripts.CartActions.validateCartAfterAdd(CartActions.java:82)
... Removed 25 stack frames]]>
    </failure>
  </testcase> <!-- validateCartAfterAdd -->
  <testcase name="validateAfterRemove" time="0.002" classname="com.org.task1.testscripts.CartActions">
    <failure type="java.lang.NullPointerException">
      <![CDATA[java.lang.NullPointerException
at java.util.Objects.requireNonNull(Unknown Source)
at org.openqa.selenium.support.ui.FluentWait.<init>(FluentWait.java:106)
at org.openqa.selenium.support.ui.FluentWait.<init>(FluentWait.java:97)
at com.org.task1.helpers.PageActions.clickElement(PageActions.java:49)
at com.org.task1.testscripts.CartActions.validateAfterRemove(CartActions.java:110)
... Removed 25 stack frames]]>
    </failure>
  </testcase> <!-- validateAfterRemove -->
  <testcase name="negativeTestCase" time="0.005" classname="com.org.task1.testscripts.CartActions">
    <failure type="java.lang.NullPointerException">
      <![CDATA[java.lang.NullPointerException
at java.util.Objects.requireNonNull(Unknown Source)
at org.openqa.selenium.support.ui.FluentWait.<init>(FluentWait.java:106)
at org.openqa.selenium.support.ui.FluentWait.<init>(FluentWait.java:97)
at com.org.task1.helpers.PageActions.clickElement(PageActions.java:49)
at com.org.task1.testscripts.CartActions.negativeTestCase(CartActions.java:123)
... Removed 25 stack frames]]>
    </failure>
  </testcase> <!-- negativeTestCase -->
</testsuite> <!-- CartActions -->
